2023-10-17 17:00:59  WM_QUERYENDSESSION (lParam: 0 - ordinary system shutdown/restart) =====================================
2023-10-17 17:01:00  WM_ENDSESSION (wParam: TRUE, lParam: 0 - ordinary system shutdown/restart)
2023-10-17 17:01:00  C:\Users\CollierB\Downloads\npp.8.5.8.portable.x64\config.xml is opened.
2023-10-17 17:01:00  C:\Users\CollierB\Downloads\npp.8.5.8.portable.x64\config.xml  8482/8482 bytes are written.
2023-10-17 17:01:00  C:\Users\CollierB\Downloads\npp.8.5.8.portable.x64\config.xml is closed.
2023-10-17 17:01:00  C:\Users\CollierB\Downloads\npp.8.5.8.portable.x64\session.xml is opened.
2023-10-17 17:01:00  C:\Users\CollierB\Downloads\npp.8.5.8.portable.x64\session.xml  1430/1430 bytes are written.
2023-10-17 17:01:00  C:\Users\CollierB\Downloads\npp.8.5.8.portable.x64\session.xml is closed.
2023-10-23 15:22:14  WM_QUERYENDSESSION (lParam: 0 - ordinary system shutdown/restart) =====================================
2023-10-23 15:22:14  WM_ENDSESSION (wParam: TRUE, lParam: 0 - ordinary system shutdown/restart)
2023-10-23 15:22:14  C:\Users\CollierB\Downloads\npp.8.5.8.portable.x64\config.xml is opened.
2023-10-23 15:22:14  C:\Users\CollierB\Downloads\npp.8.5.8.portable.x64\config.xml  8583/8583 bytes are written.
2023-10-23 15:22:14  C:\Users\CollierB\Downloads\npp.8.5.8.portable.x64\config.xml is closed.
2023-10-23 15:22:14  C:\Users\CollierB\Downloads\npp.8.5.8.portable.x64\session.xml is opened.
2023-10-23 15:22:14  C:\Users\CollierB\Downloads\npp.8.5.8.portable.x64\session.xml  1458/1458 bytes are written.
2023-10-23 15:22:14  C:\Users\CollierB\Downloads\npp.8.5.8.portable.x64\session.xml is closed.
2023-10-27 16:55:41  WM_QUERYENDSESSION (lParam: 0 - ordinary system shutdown/restart) =====================================
2023-10-27 16:55:41  WM_ENDSESSION (wParam: TRUE, lParam: 0 - ordinary system shutdown/restart)
2023-10-27 16:55:41  C:\Users\CollierB\Downloads\npp.8.5.8.portable.x64\config.xml is opened.
2023-10-27 16:55:41  C:\Users\CollierB\Downloads\npp.8.5.8.portable.x64\config.xml  9102/9102 bytes are written.
2023-10-27 16:55:41  C:\Users\CollierB\Downloads\npp.8.5.8.portable.x64\config.xml is closed.
2023-10-27 16:55:41  C:\Users\CollierB\Downloads\npp.8.5.8.portable.x64\session.xml is opened.
2023-10-27 16:55:41  C:\Users\CollierB\Downloads\npp.8.5.8.portable.x64\session.xml  825/825 bytes are written.
2023-10-27 16:55:41  C:\Users\CollierB\Downloads\npp.8.5.8.portable.x64\session.xml is closed.
2023-10-30 17:10:10  WM_QUERYENDSESSION (lParam: 0 - ordinary system shutdown/restart) =====================================
2023-10-30 17:10:10  WM_ENDSESSION (wParam: TRUE, lParam: 0 - ordinary system shutdown/restart)
2023-10-30 17:10:10  C:\Users\CollierB\Downloads\npp.8.5.8.portable.x64\config.xml is opened.
2023-10-30 17:10:10  C:\Users\CollierB\Downloads\npp.8.5.8.portable.x64\config.xml  9045/9045 bytes are written.
2023-10-30 17:10:10  C:\Users\CollierB\Downloads\npp.8.5.8.portable.x64\config.xml is closed.
2023-10-30 17:10:10  C:\Users\CollierB\Downloads\npp.8.5.8.portable.x64\session.xml is opened.
2023-10-30 17:10:10  C:\Users\CollierB\Downloads\npp.8.5.8.portable.x64\session.xml  823/823 bytes are written.
2023-10-30 17:10:10  C:\Users\CollierB\Downloads\npp.8.5.8.portable.x64\session.xml is closed.
2023-11-01 17:04:22  WM_QUERYENDSESSION (lParam: 0 - ordinary system shutdown/restart) =====================================
2023-11-01 17:04:22  WM_ENDSESSION (wParam: TRUE, lParam: 0 - ordinary system shutdown/restart)
2023-11-01 17:04:22  C:\Users\CollierB\Downloads\npp.8.5.8.portable.x64\config.xml is opened.
2023-11-01 17:04:22  C:\Users\CollierB\Downloads\npp.8.5.8.portable.x64\config.xml  9045/9045 bytes are written.
2023-11-01 17:04:22  C:\Users\CollierB\Downloads\npp.8.5.8.portable.x64\config.xml is closed.
2023-11-01 17:04:22  C:\Users\CollierB\Downloads\npp.8.5.8.portable.x64\session.xml is opened.
2023-11-01 17:04:22  C:\Users\CollierB\Downloads\npp.8.5.8.portable.x64\session.xml  824/824 bytes are written.
2023-11-01 17:04:22  C:\Users\CollierB\Downloads\npp.8.5.8.portable.x64\session.xml is closed.
2023-11-01 17:04:22  WM_DESTROY (isEndSessionStarted == true)
2023-11-02 17:24:04  WM_QUERYENDSESSION (lParam: 0 - ordinary system shutdown/restart) =====================================
2023-11-02 17:24:04  WM_ENDSESSION (wParam: TRUE, lParam: 0 - ordinary system shutdown/restart)
2023-11-02 17:24:04  C:\Users\CollierB\Downloads\npp.8.5.8.portable.x64\config.xml is opened.
2023-11-02 17:24:04  C:\Users\CollierB\Downloads\npp.8.5.8.portable.x64\config.xml  9043/9043 bytes are written.
2023-11-02 17:24:04  C:\Users\CollierB\Downloads\npp.8.5.8.portable.x64\config.xml is closed.
2023-11-02 17:24:04  C:\Users\CollierB\Downloads\npp.8.5.8.portable.x64\session.xml is opened.
2023-11-02 17:24:04  C:\Users\CollierB\Downloads\npp.8.5.8.portable.x64\session.xml  2041/2041 bytes are written.
2023-11-02 17:24:04  C:\Users\CollierB\Downloads\npp.8.5.8.portable.x64\session.xml is closed.
2023-11-02 17:24:04  WM_DESTROY (isEndSessionStarted == true)
2023-11-08 17:01:17  WM_QUERYENDSESSION (lParam: 0 - ordinary system shutdown/restart) =====================================
2023-11-08 17:01:17  WM_ENDSESSION (wParam: TRUE, lParam: 0 - ordinary system shutdown/restart)
2023-11-08 17:01:17  C:\Users\CollierB\Downloads\npp.8.5.8.portable.x64\config.xml is opened.
2023-11-08 17:01:17  C:\Users\CollierB\Downloads\npp.8.5.8.portable.x64\config.xml  9043/9043 bytes are written.
2023-11-08 17:01:17  C:\Users\CollierB\Downloads\npp.8.5.8.portable.x64\config.xml is closed.
2023-11-08 17:01:17  C:\Users\CollierB\Downloads\npp.8.5.8.portable.x64\session.xml is opened.
2023-11-08 17:01:17  C:\Users\CollierB\Downloads\npp.8.5.8.portable.x64\session.xml  2043/2043 bytes are written.
2023-11-08 17:01:17  C:\Users\CollierB\Downloads\npp.8.5.8.portable.x64\session.xml is closed.
2023-11-08 17:01:17  WM_DESTROY (isEndSessionStarted == true)
2023-11-09 17:02:39  WM_QUERYENDSESSION (lParam: 0 - ordinary system shutdown/restart) =====================================
2023-11-09 17:02:39  WM_ENDSESSION (wParam: TRUE, lParam: 0 - ordinary system shutdown/restart)
2023-11-09 17:02:39  C:\Users\CollierB\Downloads\npp.8.5.8.portable.x64\config.xml is opened.
2023-11-09 17:02:39  C:\Users\CollierB\Downloads\npp.8.5.8.portable.x64\config.xml  9045/9045 bytes are written.
2023-11-09 17:02:39  C:\Users\CollierB\Downloads\npp.8.5.8.portable.x64\config.xml is closed.
2023-11-09 17:02:39  C:\Users\CollierB\Downloads\npp.8.5.8.portable.x64\session.xml is opened.
2023-11-09 17:02:39  C:\Users\CollierB\Downloads\npp.8.5.8.portable.x64\session.xml  2653/2653 bytes are written.
2023-11-09 17:02:39  C:\Users\CollierB\Downloads\npp.8.5.8.portable.x64\session.xml is closed.
2023-11-09 17:02:39  WM_DESTROY (isEndSessionStarted == true)
2023-11-13 16:06:20  WM_QUERYENDSESSION (lParam: 0 - ordinary system shutdown/restart) =====================================
2023-11-13 16:06:20  WM_ENDSESSION (wParam: TRUE, lParam: 0 - ordinary system shutdown/restart)
2023-11-13 16:06:20  C:\Users\CollierB\Downloads\npp.8.5.8.portable.x64\config.xml is opened.
2023-11-13 16:06:20  C:\Users\CollierB\Downloads\npp.8.5.8.portable.x64\config.xml  9045/9045 bytes are written.
2023-11-13 16:06:20  C:\Users\CollierB\Downloads\npp.8.5.8.portable.x64\config.xml is closed.
2023-11-13 16:06:20  C:\Users\CollierB\Downloads\npp.8.5.8.portable.x64\session.xml is opened.
2023-11-13 16:06:20  C:\Users\CollierB\Downloads\npp.8.5.8.portable.x64\session.xml  2653/2653 bytes are written.
2023-11-13 16:06:20  C:\Users\CollierB\Downloads\npp.8.5.8.portable.x64\session.xml is closed.
2023-11-13 16:06:20  WM_DESTROY (isEndSessionStarted == true)
2024-01-18 16:05:29  WM_QUERYENDSESSION (lParam: 0 - ordinary system shutdown/restart) =====================================
2024-01-18 16:05:29  WM_ENDSESSION (wParam: TRUE, lParam: 0 - ordinary system shutdown/restart)
2024-01-18 16:05:29  C:\Users\CollierB\Downloads\npp.8.5.8.portable.x64\config.xml is opened.
2024-01-18 16:05:29  C:\Users\CollierB\Downloads\npp.8.5.8.portable.x64\config.xml  9217/9217 bytes are written.
2024-01-18 16:05:29  C:\Users\CollierB\Downloads\npp.8.5.8.portable.x64\config.xml is closed.
2024-01-18 16:05:29  C:\Users\CollierB\Downloads\npp.8.5.8.portable.x64\session.xml is opened.
2024-01-18 16:05:29  C:\Users\CollierB\Downloads\npp.8.5.8.portable.x64\session.xml  5364/5364 bytes are written.
2024-01-18 16:05:29  C:\Users\CollierB\Downloads\npp.8.5.8.portable.x64\session.xml is closed.
2024-01-18 16:05:29  WM_DESTROY (isEndSessionStarted == true)
2024-01-23 17:52:43  WM_QUERYENDSESSION (lParam: 0 - ordinary system shutdown/restart) =====================================
2024-01-23 17:52:43  WM_ENDSESSION (wParam: TRUE, lParam: 0 - ordinary system shutdown/restart)
2024-01-23 17:52:43  C:\Users\CollierB\Downloads\npp.8.5.8.portable.x64\config.xml is opened.
2024-01-23 17:52:43  C:\Users\CollierB\Downloads\npp.8.5.8.portable.x64\config.xml  9217/9217 bytes are written.
2024-01-23 17:52:43  C:\Users\CollierB\Downloads\npp.8.5.8.portable.x64\config.xml is closed.
2024-01-23 17:52:43  C:\Users\CollierB\Downloads\npp.8.5.8.portable.x64\session.xml is opened.
2024-01-23 17:52:43  C:\Users\CollierB\Downloads\npp.8.5.8.portable.x64\session.xml  5364/5364 bytes are written.
2024-01-23 17:52:43  C:\Users\CollierB\Downloads\npp.8.5.8.portable.x64\session.xml is closed.
2024-01-23 17:52:43  WM_DESTROY (isEndSessionStarted == true)
2024-05-13 14:41:01  WM_QUERYENDSESSION (lParam: 0 - ordinary system shutdown/restart) =====================================
2024-05-13 14:41:01  WM_ENDSESSION (wParam: TRUE, lParam: 0 - ordinary system shutdown/restart)
2024-05-13 14:41:02  C:\Users\CollierB\Downloads\npp.8.5.8.portable.x64\config.xml is opened.
2024-05-13 14:41:02  C:\Users\CollierB\Downloads\npp.8.5.8.portable.x64\config.xml  9219/9219 bytes are written.
2024-05-13 14:41:02  C:\Users\CollierB\Downloads\npp.8.5.8.portable.x64\config.xml is closed.
2024-05-13 14:41:02  C:\Users\CollierB\Downloads\npp.8.5.8.portable.x64\session.xml is opened.
2024-05-13 14:41:02  C:\Users\CollierB\Downloads\npp.8.5.8.portable.x64\session.xml  7117/7117 bytes are written.
2024-05-13 14:41:02  C:\Users\CollierB\Downloads\npp.8.5.8.portable.x64\session.xml is closed.
2024-05-13 14:41:02  WM_DESTROY (isEndSessionStarted == true)
2024-05-29 11:32:06  WM_QUERYENDSESSION (lParam: 0 - ordinary system shutdown/restart) =====================================
2024-05-29 11:32:06  WM_ENDSESSION (wParam: TRUE, lParam: 0 - ordinary system shutdown/restart)
2024-05-29 11:32:07  C:\Users\CollierB\Downloads\npp.8.5.8.portable.x64\config.xml is opened.
2024-05-29 11:32:07  C:\Users\CollierB\Downloads\npp.8.5.8.portable.x64\config.xml  9782/9782 bytes are written.
2024-05-29 11:32:07  C:\Users\CollierB\Downloads\npp.8.5.8.portable.x64\config.xml is closed.
2024-05-29 11:32:07  C:\Users\CollierB\Downloads\npp.8.5.8.portable.x64\session.xml is opened.
2024-05-29 11:32:07  C:\Users\CollierB\Downloads\npp.8.5.8.portable.x64\session.xml  4429/4429 bytes are written.
2024-05-29 11:32:07  C:\Users\CollierB\Downloads\npp.8.5.8.portable.x64\session.xml is closed.
2024-05-29 11:32:07  WM_DESTROY (isEndSessionStarted == true)
2024-05-30 16:12:22  WM_QUERYENDSESSION (lParam: 0 - ordinary system shutdown/restart) =====================================
2024-05-30 16:12:22  WM_ENDSESSION (wParam: TRUE, lParam: 0 - ordinary system shutdown/restart)
2024-05-30 16:12:23  C:\Users\CollierB\Downloads\npp.8.5.8.portable.x64\config.xml is opened.
2024-05-30 16:12:23  C:\Users\CollierB\Downloads\npp.8.5.8.portable.x64\config.xml  10066/10066 bytes are written.
2024-05-30 16:12:23  C:\Users\CollierB\Downloads\npp.8.5.8.portable.x64\config.xml is closed.
2024-05-30 16:12:23  C:\Users\CollierB\Downloads\npp.8.5.8.portable.x64\session.xml is opened.
2024-05-30 16:12:23  C:\Users\CollierB\Downloads\npp.8.5.8.portable.x64\session.xml  5047/5047 bytes are written.
2024-05-30 16:12:23  C:\Users\CollierB\Downloads\npp.8.5.8.portable.x64\session.xml is closed.
2024-05-30 16:12:23  WM_DESTROY (isEndSessionStarted == true)
2024-06-13 17:49:24  WM_QUERYENDSESSION (lParam: 0 - ordinary system shutdown/restart) =====================================
2024-06-13 17:49:24  WM_ENDSESSION (wParam: TRUE, lParam: 0 - ordinary system shutdown/restart)
2024-06-13 17:49:24  C:\Users\CollierB\Downloads\npp.8.5.8.portable.x64\config.xml is opened.
2024-06-13 17:49:24  C:\Users\CollierB\Downloads\npp.8.5.8.portable.x64\config.xml  10066/10066 bytes are written.
2024-06-13 17:49:24  C:\Users\CollierB\Downloads\npp.8.5.8.portable.x64\config.xml is closed.
2024-06-13 17:49:24  C:\Users\CollierB\Downloads\npp.8.5.8.portable.x64\session.xml is opened.
2024-06-13 17:49:24  C:\Users\CollierB\Downloads\npp.8.5.8.portable.x64\session.xml  4445/4445 bytes are written.
2024-06-13 17:49:24  C:\Users\CollierB\Downloads\npp.8.5.8.portable.x64\session.xml is closed.
2024-06-13 17:49:24  WM_DESTROY (isEndSessionStarted == true)
2024-06-21 16:49:00  WM_QUERYENDSESSION (lParam: 0 - ordinary system shutdown/restart) =====================================
2024-06-21 16:49:00  WM_ENDSESSION (wParam: TRUE, lParam: 0 - ordinary system shutdown/restart)
2024-06-21 16:49:00  C:\Users\CollierB\Downloads\npp.8.5.8.portable.x64\config.xml is opened.
2024-06-21 16:49:00  C:\Users\CollierB\Downloads\npp.8.5.8.portable.x64\config.xml  10066/10066 bytes are written.
2024-06-21 16:49:00  C:\Users\CollierB\Downloads\npp.8.5.8.portable.x64\config.xml is closed.
2024-06-21 16:49:00  C:\Users\CollierB\Downloads\npp.8.5.8.portable.x64\session.xml is opened.
2024-06-21 16:49:00  C:\Users\CollierB\Downloads\npp.8.5.8.portable.x64\session.xml  4445/4445 bytes are written.
2024-06-21 16:49:00  C:\Users\CollierB\Downloads\npp.8.5.8.portable.x64\session.xml is closed.
2024-06-21 16:49:00  WM_DESTROY (isEndSessionStarted == true)
2025-04-09 17:27:21  WM_QUERYENDSESSION (lParam: 1073741824 - ENDSESSION_CRITICAL) =====================================
2025-04-09 17:27:21  WM_ENDSESSION (wParam: TRUE, lParam: 1073741824 - ENDSESSION_CRITICAL)
2025-04-09 17:27:22  C:\Users\CollierB\Downloads\npp.8.5.8.portable.x64\config.xml is opened.
2025-04-09 17:27:22  C:\Users\CollierB\Downloads\npp.8.5.8.portable.x64\config.xml  9952/9952 bytes are written.
2025-04-09 17:27:22  C:\Users\CollierB\Downloads\npp.8.5.8.portable.x64\config.xml is closed.
2025-04-09 17:27:22  C:\Users\CollierB\Downloads\npp.8.5.8.portable.x64\session.xml is opened.
2025-04-09 17:27:22  C:\Users\CollierB\Downloads\npp.8.5.8.portable.x64\session.xml  6873/6873 bytes are written.
2025-04-09 17:27:22  C:\Users\CollierB\Downloads\npp.8.5.8.portable.x64\session.xml is closed.
2025-04-09 17:27:22  WM_DESTROY (isEndSessionStarted == true)
2025-06-23 18:43:02  WM_QUERYENDSESSION (lParam: 1073741824 - ENDSESSION_CRITICAL) =====================================
2025-06-23 18:43:02  WM_ENDSESSION (wParam: TRUE, lParam: 1073741824 - ENDSESSION_CRITICAL)
2025-06-23 18:43:05  C:\Users\CollierB\Programs\npp.8.5.8.portable.x64\config.xml is opened.
2025-06-23 18:43:05  C:\Users\CollierB\Programs\npp.8.5.8.portable.x64\config.xml  10578/10578 bytes are written.
2025-06-23 18:43:05  C:\Users\CollierB\Programs\npp.8.5.8.portable.x64\config.xml is closed.
2025-06-23 18:43:05  C:\Users\CollierB\Programs\npp.8.5.8.portable.x64\session.xml is opened.
2025-06-23 18:43:05  C:\Users\CollierB\Programs\npp.8.5.8.portable.x64\session.xml  3826/3826 bytes are written.
2025-06-23 18:43:05  C:\Users\CollierB\Programs\npp.8.5.8.portable.x64\session.xml is closed.
2025-06-23 18:43:05  WM_DESTROY (isEndSessionStarted == true)
2025-06-24 23:08:11  WM_QUERYENDSESSION (lParam: 0 - ordinary system shutdown/restart) =====================================
2025-06-24 23:08:11  WM_ENDSESSION (wParam: TRUE, lParam: 0 - ordinary system shutdown/restart)
2025-06-24 23:08:20  C:\Users\CollierB\Programs\npp.8.5.8.portable.x64\config.xml is opened.
2025-06-24 23:08:20  C:\Users\CollierB\Programs\npp.8.5.8.portable.x64\config.xml  10654/10654 bytes are written.
2025-06-24 23:08:20  C:\Users\CollierB\Programs\npp.8.5.8.portable.x64\config.xml is closed.
2025-06-24 23:08:20  C:\Users\CollierB\Programs\npp.8.5.8.portable.x64\session.xml is opened.
2025-06-24 23:08:20  C:\Users\CollierB\Programs\npp.8.5.8.portable.x64\session.xml  5032/5032 bytes are written.
2025-06-24 23:08:20  C:\Users\CollierB\Programs\npp.8.5.8.portable.x64\session.xml is closed.
2025-06-24 23:08:20  WM_DESTROY (isEndSessionStarted == true)
2025-08-18 08:50:43  WM_QUERYENDSESSION (lParam: 1073741824 - ENDSESSION_CRITICAL) =====================================
2025-08-18 08:50:43  WM_ENDSESSION (wParam: TRUE, lParam: 1073741824 - ENDSESSION_CRITICAL)
2025-08-27 09:50:50  WM_QUERYENDSESSION (lParam: 1073741824 - ENDSESSION_CRITICAL) =====================================
2025-08-27 09:50:50  WM_ENDSESSION (wParam: TRUE, lParam: 1073741824 - ENDSESSION_CRITICAL)
2025-08-27 09:50:51  C:\Users\CollierB\Programs\npp.8.5.8.portable.x64\config.xml is opened.
2025-08-27 09:50:51  C:\Users\CollierB\Programs\npp.8.5.8.portable.x64\config.xml  11180/11180 bytes are written.
2025-08-27 09:50:51  C:\Users\CollierB\Programs\npp.8.5.8.portable.x64\config.xml is closed.
2025-08-27 09:50:51  C:\Users\CollierB\Programs\npp.8.5.8.portable.x64\session.xml is opened.
2025-08-27 09:50:51  C:\Users\CollierB\Programs\npp.8.5.8.portable.x64\session.xml  8957/8957 bytes are written.
2025-08-27 09:50:51  C:\Users\CollierB\Programs\npp.8.5.8.portable.x64\session.xml is closed.
2025-08-27 09:50:51  WM_DESTROY (isEndSessionStarted == true)
2025-10-21 13:57:31  WM_QUERYENDSESSION (lParam: 0 - ordinary system shutdown/restart) =====================================
2025-10-21 13:57:35  WM_ENDSESSION (wParam: TRUE, lParam: 1073741824 - ENDSESSION_CRITICAL)
2025-10-21 13:57:36  C:\Users\CollierB\Programs\npp.8.5.8.portable.x64\config.xml is opened.
2025-10-21 13:57:36  C:\Users\CollierB\Programs\npp.8.5.8.portable.x64\config.xml  11219/11219 bytes are written.
2025-10-21 13:57:36  C:\Users\CollierB\Programs\npp.8.5.8.portable.x64\config.xml is closed.
2025-10-21 13:57:36  C:\Users\CollierB\Programs\npp.8.5.8.portable.x64\session.xml is opened.
2025-10-21 13:57:36  C:\Users\CollierB\Programs\npp.8.5.8.portable.x64\session.xml  23756/23756 bytes are written.
2025-10-21 13:57:36  C:\Users\CollierB\Programs\npp.8.5.8.portable.x64\session.xml is closed.
2025-10-23 10:30:01  WM_QUERYENDSESSION (lParam: 0 - ordinary system shutdown/restart) =====================================
2025-10-23 10:30:01  WM_ENDSESSION (wParam: TRUE, lParam: 0 - ordinary system shutdown/restart)
2025-10-23 10:30:03  C:\Users\CollierB\Programs\npp.8.5.8.portable.x64\config.xml is opened.
2025-10-23 10:30:03  C:\Users\CollierB\Programs\npp.8.5.8.portable.x64\config.xml  11235/11235 bytes are written.
2025-10-23 10:30:03  C:\Users\CollierB\Programs\npp.8.5.8.portable.x64\config.xml is closed.
2025-10-23 10:30:05  C:\Users\CollierB\Programs\npp.8.5.8.portable.x64\session.xml is opened.
2025-10-23 10:30:05  C:\Users\CollierB\Programs\npp.8.5.8.portable.x64\session.xml  25763/25763 bytes are written.
2025-10-23 10:30:05  C:\Users\CollierB\Programs\npp.8.5.8.portable.x64\session.xml is closed.
2025-10-23 10:30:05  WM_DESTROY (isEndSessionStarted == true)
2025-10-27 20:39:35  WM_QUERYENDSESSION (lParam: 0 - ordinary system shutdown/restart) =====================================
2025-10-27 20:39:35  WM_ENDSESSION (wParam: TRUE, lParam: 0 - ordinary system shutdown/restart)
2025-10-27 20:39:36  C:\Users\CollierB\Programs\npp.8.5.8.portable.x64\config.xml is opened.
2025-10-27 20:39:36  C:\Users\CollierB\Programs\npp.8.5.8.portable.x64\config.xml  11269/11269 bytes are written.
2025-10-27 20:39:36  C:\Users\CollierB\Programs\npp.8.5.8.portable.x64\config.xml is closed.
2025-10-27 20:39:36  C:\Users\CollierB\Programs\npp.8.5.8.portable.x64\session.xml is opened.
2025-10-27 20:39:36  C:\Users\CollierB\Programs\npp.8.5.8.portable.x64\session.xml  22396/22396 bytes are written.
2025-10-27 20:39:36  C:\Users\CollierB\Programs\npp.8.5.8.portable.x64\session.xml is closed.
2025-10-27 20:39:36  WM_DESTROY (isEndSessionStarted == true)
2025-11-05 15:01:26  WM_QUERYENDSESSION (lParam: 0 - ordinary system shutdown/restart) =====================================
2025-11-05 15:01:26  WM_ENDSESSION (wParam: TRUE, lParam: 0 - ordinary system shutdown/restart)
2025-11-05 15:01:27  C:\Users\CollierB\Programs\npp.8.5.8.portable.x64\config.xml is opened.
2025-11-05 15:01:27  C:\Users\CollierB\Programs\npp.8.5.8.portable.x64\config.xml  11156/11156 bytes are written.
2025-11-05 15:01:27  C:\Users\CollierB\Programs\npp.8.5.8.portable.x64\config.xml is closed.
2025-11-05 15:01:27  C:\Users\CollierB\Programs\npp.8.5.8.portable.x64\session.xml is opened.
2025-11-05 15:01:27  C:\Users\CollierB\Programs\npp.8.5.8.portable.x64\session.xml  23316/23316 bytes are written.
2025-11-05 15:01:27  C:\Users\CollierB\Programs\npp.8.5.8.portable.x64\session.xml is closed.
2025-11-05 15:01:27  WM_DESTROY (isEndSessionStarted == true)
2025-11-06 17:03:10  WM_QUERYENDSESSION (lParam: 0 - ordinary system shutdown/restart) =====================================
2025-11-06 17:03:10  WM_ENDSESSION (wParam: TRUE, lParam: 0 - ordinary system shutdown/restart)
2025-11-06 17:03:12  C:\Users\CollierB\Programs\npp.8.5.8.portable.x64\config.xml is opened.
2025-11-06 17:03:12  C:\Users\CollierB\Programs\npp.8.5.8.portable.x64\config.xml  11228/11228 bytes are written.
2025-11-06 17:03:12  C:\Users\CollierB\Programs\npp.8.5.8.portable.x64\config.xml is closed.
2025-11-06 17:03:12  C:\Users\CollierB\Programs\npp.8.5.8.portable.x64\session.xml is opened.
2025-11-06 17:03:12  C:\Users\CollierB\Programs\npp.8.5.8.portable.x64\session.xml  16571/16571 bytes are written.
2025-11-06 17:03:12  C:\Users\CollierB\Programs\npp.8.5.8.portable.x64\session.xml is closed.
2025-11-07 10:44:09  WM_QUERYENDSESSION (lParam: 0 - ordinary system shutdown/restart) =====================================
2025-11-07 10:44:09  WM_ENDSESSION (wParam: TRUE, lParam: 0 - ordinary system shutdown/restart)
2025-11-07 10:44:10  C:\Users\CollierB\Programs\npp.8.5.8.portable.x64\config.xml is opened.
2025-11-07 10:44:10  C:\Users\CollierB\Programs\npp.8.5.8.portable.x64\config.xml  11173/11173 bytes are written.
2025-11-07 10:44:10  C:\Users\CollierB\Programs\npp.8.5.8.portable.x64\config.xml is closed.
2025-11-07 10:44:10  C:\Users\CollierB\Programs\npp.8.5.8.portable.x64\session.xml is opened.
2025-11-07 10:44:10  C:\Users\CollierB\Programs\npp.8.5.8.portable.x64\session.xml  18256/18256 bytes are written.
2025-11-07 10:44:10  C:\Users\CollierB\Programs\npp.8.5.8.portable.x64\session.xml is closed.
2025-11-07 10:44:11  WM_DESTROY (isEndSessionStarted == true)
2025-11-08 14:24:07  WM_QUERYENDSESSION (lParam: 0 - ordinary system shutdown/restart) =====================================
2025-11-08 14:24:07  WM_ENDSESSION (wParam: TRUE, lParam: 0 - ordinary system shutdown/restart)
2025-11-08 14:24:09  C:\Users\CollierB\Programs\npp.8.5.8.portable.x64\config.xml is opened.
2025-11-08 14:24:09  C:\Users\CollierB\Programs\npp.8.5.8.portable.x64\config.xml  10905/10905 bytes are written.
2025-11-08 14:24:09  C:\Users\CollierB\Programs\npp.8.5.8.portable.x64\config.xml is closed.
2025-11-08 14:24:09  C:\Users\CollierB\Programs\npp.8.5.8.portable.x64\session.xml is opened.
2025-11-08 14:24:09  C:\Users\CollierB\Programs\npp.8.5.8.portable.x64\session.xml  19092/19092 bytes are written.
2025-11-08 14:24:09  C:\Users\CollierB\Programs\npp.8.5.8.portable.x64\session.xml is closed.
2025-11-08 14:24:09  WM_DESTROY (isEndSessionStarted == true)
2025-11-10 09:57:28  WM_QUERYENDSESSION (lParam: 0 - ordinary system shutdown/restart) =====================================
2025-11-10 09:57:28  WM_ENDSESSION (wParam: TRUE, lParam: 0 - ordinary system shutdown/restart)
2025-11-10 09:57:30  C:\Users\CollierB\Programs\npp.8.5.8.portable.x64\config.xml is opened.
2025-11-10 09:57:30  C:\Users\CollierB\Programs\npp.8.5.8.portable.x64\config.xml  11411/11411 bytes are written.
2025-11-10 09:57:30  C:\Users\CollierB\Programs\npp.8.5.8.portable.x64\config.xml is closed.
2025-11-10 09:57:30  C:\Users\CollierB\Programs\npp.8.5.8.portable.x64\session.xml is opened.
2025-11-10 09:57:30  C:\Users\CollierB\Programs\npp.8.5.8.portable.x64\session.xml  29392/29392 bytes are written.
2025-11-10 09:57:30  C:\Users\CollierB\Programs\npp.8.5.8.portable.x64\session.xml is closed.
2025-11-10 09:57:30  WM_DESTROY (isEndSessionStarted == true)
2025-11-13 20:26:41  WM_QUERYENDSESSION (lParam: 0 - ordinary system shutdown/restart) =====================================
2025-11-13 20:26:41  WM_ENDSESSION (wParam: TRUE, lParam: 0 - ordinary system shutdown/restart)
2025-11-13 20:26:42  C:\Users\CollierB\Programs\npp.8.5.8.portable.x64\config.xml is opened.
2025-11-13 20:26:42  C:\Users\CollierB\Programs\npp.8.5.8.portable.x64\config.xml  11866/11866 bytes are written.
2025-11-13 20:26:42  C:\Users\CollierB\Programs\npp.8.5.8.portable.x64\config.xml is closed.
2025-11-13 20:26:42  C:\Users\CollierB\Programs\npp.8.5.8.portable.x64\session.xml is opened.
2025-11-13 20:26:42  C:\Users\CollierB\Programs\npp.8.5.8.portable.x64\session.xml  27091/27091 bytes are written.
2025-11-13 20:26:42  C:\Users\CollierB\Programs\npp.8.5.8.portable.x64\session.xml is closed.
2025-11-13 20:26:42  WM_DESTROY (isEndSessionStarted == true)
2025-11-18 13:11:48  WM_QUERYENDSESSION (lParam: 0 - ordinary system shutdown/restart) =====================================
2025-11-18 13:11:48  WM_ENDSESSION (wParam: TRUE, lParam: 0 - ordinary system shutdown/restart)
2025-11-18 13:11:49  C:\Users\CollierB\Programs\npp.8.5.8.portable.x64\config.xml is opened.
2025-11-18 13:11:49  C:\Users\CollierB\Programs\npp.8.5.8.portable.x64\config.xml  12093/12093 bytes are written.
2025-11-18 13:11:49  C:\Users\CollierB\Programs\npp.8.5.8.portable.x64\config.xml is closed.
2025-11-18 13:11:49  C:\Users\CollierB\Programs\npp.8.5.8.portable.x64\session.xml is opened.
2025-11-18 13:11:49  C:\Users\CollierB\Programs\npp.8.5.8.portable.x64\session.xml  29909/29909 bytes are written.
2025-11-18 13:11:49  C:\Users\CollierB\Programs\npp.8.5.8.portable.x64\session.xml is closed.
2025-11-21 11:04:11  WM_QUERYENDSESSION (lParam: 0 - ordinary system shutdown/restart) =====================================
2025-11-21 11:04:11  WM_ENDSESSION (wParam: TRUE, lParam: 0 - ordinary system shutdown/restart)
2025-11-21 11:04:14  C:\Users\CollierB\Programs\npp.8.5.8.portable.x64\config.xml is opened.
2025-11-21 11:04:14  C:\Users\CollierB\Programs\npp.8.5.8.portable.x64\config.xml  11625/11625 bytes are written.
2025-11-21 11:04:14  C:\Users\CollierB\Programs\npp.8.5.8.portable.x64\config.xml is closed.
2025-11-21 11:04:14  C:\Users\CollierB\Programs\npp.8.5.8.portable.x64\session.xml is opened.
2025-11-21 11:04:14  C:\Users\CollierB\Programs\npp.8.5.8.portable.x64\session.xml  35423/35423 bytes are written.
2025-11-21 11:04:14  C:\Users\CollierB\Programs\npp.8.5.8.portable.x64\session.xml is closed.
2025-11-21 11:04:14  WM_DESTROY (isEndSessionStarted == true)
2025-11-24 10:39:23  WM_QUERYENDSESSION (lParam: 0 - ordinary system shutdown/restart) =====================================
2025-11-24 10:39:23  WM_ENDSESSION (wParam: TRUE, lParam: 0 - ordinary system shutdown/restart)
2025-11-24 10:39:27  C:\Users\CollierB\Programs\npp.8.5.8.portable.x64\config.xml is opened.
2025-11-24 10:39:27  C:\Users\CollierB\Programs\npp.8.5.8.portable.x64\config.xml  11580/11580 bytes are written.
2025-11-24 10:39:27  C:\Users\CollierB\Programs\npp.8.5.8.portable.x64\config.xml is closed.
2025-11-24 10:39:27  C:\Users\CollierB\Programs\npp.8.5.8.portable.x64\session.xml is opened.
2025-11-24 10:39:27  C:\Users\CollierB\Programs\npp.8.5.8.portable.x64\session.xml  38629/38629 bytes are written.
2025-11-24 10:39:27  C:\Users\CollierB\Programs\npp.8.5.8.portable.x64\session.xml is closed.
2025-11-24 10:39:27  WM_DESTROY (isEndSessionStarted == true)
2025-12-01 14:50:25  WM_QUERYENDSESSION (lParam: 1073741824 - ENDSESSION_CRITICAL) =====================================
2025-12-01 14:50:25  WM_ENDSESSION (wParam: TRUE, lParam: 1073741824 - ENDSESSION_CRITICAL)
2025-12-23 08:33:05  WM_QUERYENDSESSION (lParam: 1073741824 - ENDSESSION_CRITICAL) =====================================
2025-12-23 08:33:05  WM_ENDSESSION (wParam: TRUE, lParam: 1073741824 - ENDSESSION_CRITICAL)
2026-01-09 09:07:45  WM_QUERYENDSESSION (lParam: 0 - ordinary system shutdown/restart) =====================================
2026-01-09 09:07:45  WM_ENDSESSION (wParam: TRUE, lParam: 0 - ordinary system shutdown/restart)
2026-01-09 09:07:49  C:\Users\CollierB\Programs\npp.8.5.8.portable.x64\config.xml is opened.
2026-01-09 09:07:49  C:\Users\CollierB\Programs\npp.8.5.8.portable.x64\config.xml  11345/11345 bytes are written.
2026-01-09 09:07:49  C:\Users\CollierB\Programs\npp.8.5.8.portable.x64\config.xml is closed.
2026-01-09 09:07:49  C:\Users\CollierB\Programs\npp.8.5.8.portable.x64\session.xml is opened.
2026-01-09 09:07:49  C:\Users\CollierB\Programs\npp.8.5.8.portable.x64\session.xml  33523/33523 bytes are written.
2026-01-09 09:07:49  C:\Users\CollierB\Programs\npp.8.5.8.portable.x64\session.xml is closed.
2026-01-09 09:07:49  WM_DESTROY (isEndSessionStarted == true)
2026-01-23 10:15:35  WM_QUERYENDSESSION (lParam: 0 - ordinary system shutdown/restart) =====================================
2026-01-23 10:15:35  WM_ENDSESSION (wParam: TRUE, lParam: 0 - ordinary system shutdown/restart)
2026-01-23 10:15:37  C:\Users\CollierB\Programs\npp.8.5.8.portable.x64\config.xml is opened.
2026-01-23 10:15:37  C:\Users\CollierB\Programs\npp.8.5.8.portable.x64\config.xml  11312/11312 bytes are written.
2026-01-23 10:15:37  C:\Users\CollierB\Programs\npp.8.5.8.portable.x64\config.xml is closed.
2026-01-23 10:15:37  C:\Users\CollierB\Programs\npp.8.5.8.portable.x64\session.xml is opened.
2026-01-23 10:15:37  C:\Users\CollierB\Programs\npp.8.5.8.portable.x64\session.xml  34815/34815 bytes are written.
2026-01-23 10:15:37  C:\Users\CollierB\Programs\npp.8.5.8.portable.x64\session.xml is closed.
2026-01-23 10:15:37  WM_DESTROY (isEndSessionStarted == true)
2026-01-31 07:11:45  WM_QUERYENDSESSION (lParam: 0 - ordinary system shutdown/restart) =====================================
2026-01-31 07:11:45  WM_ENDSESSION (wParam: TRUE, lParam: 0 - ordinary system shutdown/restart)
2026-01-31 07:11:47  C:\Users\CollierB\Programs\npp.8.5.8.portable.x64\config.xml is opened.
2026-01-31 07:11:47  C:\Users\CollierB\Programs\npp.8.5.8.portable.x64\config.xml  11916/11916 bytes are written.
2026-01-31 07:11:47  C:\Users\CollierB\Programs\npp.8.5.8.portable.x64\config.xml is closed.
2026-01-31 07:11:47  C:\Users\CollierB\Programs\npp.8.5.8.portable.x64\session.xml is opened.
2026-01-31 07:11:47  C:\Users\CollierB\Programs\npp.8.5.8.portable.x64\session.xml  37290/37290 bytes are written.
2026-01-31 07:11:47  C:\Users\CollierB\Programs\npp.8.5.8.portable.x64\session.xml is closed.
2026-01-31 07:11:47  WM_DESTROY (isEndSessionStarted == true)
2026-02-04 09:22:10  WM_QUERYENDSESSION (lParam: 0 - ordinary system shutdown/restart) =====================================
2026-02-04 09:22:10  WM_ENDSESSION (wParam: TRUE, lParam: 0 - ordinary system shutdown/restart)
2026-02-05 23:43:41  WM_QUERYENDSESSION (lParam: 0 - ordinary system shutdown/restart) =====================================
2026-02-05 23:43:41  WM_ENDSESSION (wParam: TRUE, lParam: 0 - ordinary system shutdown/restart)
2026-02-05 23:43:42  C:\Users\CollierB\Programs\npp.8.5.8.portable.x64\config.xml is opened.
2026-02-05 23:43:42  C:\Users\CollierB\Programs\npp.8.5.8.portable.x64\config.xml  11264/11264 bytes are written.
2026-02-05 23:43:42  C:\Users\CollierB\Programs\npp.8.5.8.portable.x64\config.xml is closed.
2026-02-05 23:43:42  C:\Users\CollierB\Programs\npp.8.5.8.portable.x64\session.xml is opened.
2026-02-05 23:43:42  C:\Users\CollierB\Programs\npp.8.5.8.portable.x64\session.xml  38636/38636 bytes are written.
2026-02-05 23:43:42  C:\Users\CollierB\Programs\npp.8.5.8.portable.x64\session.xml is closed.
2026-02-05 23:43:42  WM_DESTROY (isEndSessionStarted == true)
2026-02-13 13:31:07  WM_QUERYENDSESSION (lParam: 0 - ordinary system shutdown/restart) =====================================
2026-02-13 13:31:07  WM_ENDSESSION (wParam: TRUE, lParam: 0 - ordinary system shutdown/restart)
2026-02-13 13:31:11  C:\Users\CollierB\Programs\npp.8.5.8.portable.x64\config.xml is opened.
2026-02-13 13:31:11  C:\Users\CollierB\Programs\npp.8.5.8.portable.x64\config.xml  11261/11261 bytes are written.
2026-02-13 13:31:11  C:\Users\CollierB\Programs\npp.8.5.8.portable.x64\config.xml is closed.
2026-02-13 13:31:11  C:\Users\CollierB\Programs\npp.8.5.8.portable.x64\session.xml is opened.
2026-02-13 13:31:11  C:\Users\CollierB\Programs\npp.8.5.8.portable.x64\session.xml  45953/45953 bytes are written.
2026-02-13 13:31:11  C:\Users\CollierB\Programs\npp.8.5.8.portable.x64\session.xml is closed.
2026-02-13 13:31:11  WM_DESTROY (isEndSessionStarted == true)
2026-02-23 13:21:10  WM_QUERYENDSESSION (lParam: 1073741824 - ENDSESSION_CRITICAL) =====================================
2026-02-23 13:21:10  WM_ENDSESSION (wParam: TRUE, lParam: 1073741824 - ENDSESSION_CRITICAL)
2026-02-26 16:23:24  WM_QUERYENDSESSION (lParam: 0 - ordinary system shutdown/restart) =====================================
2026-02-26 16:23:24  WM_ENDSESSION (wParam: TRUE, lParam: 0 - ordinary system shutdown/restart)
2026-02-26 16:23:26  C:\Users\CollierB\Programs\npp.8.5.8.portable.x64\config.xml is opened.
2026-02-26 16:23:26  C:\Users\CollierB\Programs\npp.8.5.8.portable.x64\config.xml  11491/11491 bytes are written.
2026-02-26 16:23:26  C:\Users\CollierB\Programs\npp.8.5.8.portable.x64\config.xml is closed.
2026-02-26 16:23:26  C:\Users\CollierB\Programs\npp.8.5.8.portable.x64\session.xml is opened.
2026-02-26 16:23:26  C:\Users\CollierB\Programs\npp.8.5.8.portable.x64\session.xml  87978/87978 bytes are written.
2026-02-26 16:23:26  C:\Users\CollierB\Programs\npp.8.5.8.portable.x64\session.xml is closed.
2026-03-09 11:05:34  WM_QUERYENDSESSION (lParam: 1073741824 - ENDSESSION_CRITICAL) =====================================
2026-03-09 11:05:35  WM_ENDSESSION (wParam: TRUE, lParam: 1073741824 - ENDSESSION_CRITICAL)
2026-03-12 08:37:23  WM_QUERYENDSESSION (lParam: 0 - ordinary system shutdown/restart) =====================================
2026-03-12 08:37:23  WM_ENDSESSION (wParam: TRUE, lParam: 0 - ordinary system shutdown/restart)
2026-03-12 08:37:26  C:\Users\CollierB\Programs\npp.8.5.8.portable.x64\config.xml is opened.
2026-03-12 08:37:26  C:\Users\CollierB\Programs\npp.8.5.8.portable.x64\config.xml  11437/11437 bytes are written.
2026-03-12 08:37:26  C:\Users\CollierB\Programs\npp.8.5.8.portable.x64\config.xml is closed.
2026-03-12 08:37:26  C:\Users\CollierB\Programs\npp.8.5.8.portable.x64\session.xml is opened.
2026-03-12 08:37:26  C:\Users\CollierB\Programs\npp.8.5.8.portable.x64\session.xml  106014/106014 bytes are written.
2026-03-12 08:37:26  C:\Users\CollierB\Programs\npp.8.5.8.portable.x64\session.xml is closed.
2026-03-12 08:37:26  WM_DESTROY (isEndSessionStarted == true)
2026-03-15 22:11:01  WM_QUERYENDSESSION (lParam: 0 - ordinary system shutdown/restart) =====================================
2026-03-15 22:11:07  WM_ENDSESSION (wParam: TRUE, lParam: 1073741824 - ENDSESSION_CRITICAL)
2026-03-15 22:11:07  C:\Users\CollierB\Programs\npp.8.5.8.portable.x64\config.xml is opened.
2026-03-15 22:11:07  C:\Users\CollierB\Programs\npp.8.5.8.portable.x64\config.xml  12562/12562 bytes are written.
2026-03-15 22:11:07  C:\Users\CollierB\Programs\npp.8.5.8.portable.x64\config.xml is closed.
2026-03-15 22:11:07  C:\Users\CollierB\Programs\npp.8.5.8.portable.x64\session.xml is opened.
2026-03-15 22:11:07  C:\Users\CollierB\Programs\npp.8.5.8.portable.x64\session.xml  77856/77856 bytes are written.
2026-03-15 22:11:07  C:\Users\CollierB\Programs\npp.8.5.8.portable.x64\session.xml is closed.
2026-03-15 22:11:07  WM_DESTROY (isEndSessionStarted == true)
