21-Jun-2025 14:59:16.715 INFO [main] org.apache.catalina.startup.VersionLoggerListener.log Server version name:   Apache Tomcat/9.0.106
21-Jun-2025 14:59:16.718 INFO [main] org.apache.catalina.startup.VersionLoggerListener.log Server built:          Jun 5 2025 19:02:30 UTC
21-Jun-2025 14:59:16.718 INFO [main] org.apache.catalina.startup.VersionLoggerListener.log Server version number: 9.0.106.0
21-Jun-2025 14:59:16.718 INFO [main] org.apache.catalina.startup.VersionLoggerListener.log OS Name:               Windows 10
21-Jun-2025 14:59:16.719 INFO [main] org.apache.catalina.startup.VersionLoggerListener.log OS Version:            10.0
21-Jun-2025 14:59:16.719 INFO [main] org.apache.catalina.startup.VersionLoggerListener.log Architecture:          amd64
21-Jun-2025 14:59:16.719 INFO [main] org.apache.catalina.startup.VersionLoggerListener.log Java Home:             C:\Users\CollierB\.path\jdk-17.0.2
21-Jun-2025 14:59:16.719 INFO [main] org.apache.catalina.startup.VersionLoggerListener.log JVM Version:           17.0.2+8-86
21-Jun-2025 14:59:16.719 INFO [main] org.apache.catalina.startup.VersionLoggerListener.log JVM Vendor:            Oracle Corporation
21-Jun-2025 14:59:16.719 INFO [main] org.apache.catalina.startup.VersionLoggerListener.log CATALINA_BASE:         C:\Users\CollierB\Programs\apache-tomcat-9.0.106
21-Jun-2025 14:59:16.719 INFO [main] org.apache.catalina.startup.VersionLoggerListener.log CATALINA_HOME:         C:\Users\CollierB\Programs\apache-tomcat-9.0.106
21-Jun-2025 14:59:16.732 INFO [main] org.apache.catalina.startup.VersionLoggerListener.log Command line argument: --add-opens=java.base/java.lang=ALL-UNNAMED
21-Jun-2025 14:59:16.732 INFO [main] org.apache.catalina.startup.VersionLoggerListener.log Command line argument: --add-opens=java.base/java.lang.invoke=ALL-UNNAMED
21-Jun-2025 14:59:16.732 INFO [main] org.apache.catalina.startup.VersionLoggerListener.log Command line argument: --add-opens=java.base/java.lang.reflect=ALL-UNNAMED
21-Jun-2025 14:59:16.732 INFO [main] org.apache.catalina.startup.VersionLoggerListener.log Command line argument: --add-opens=java.base/java.io=ALL-UNNAMED
21-Jun-2025 14:59:16.733 INFO [main] org.apache.catalina.startup.VersionLoggerListener.log Command line argument: --add-opens=java.base/java.util=ALL-UNNAMED
21-Jun-2025 14:59:16.733 INFO [main] org.apache.catalina.startup.VersionLoggerListener.log Command line argument: --add-opens=java.base/java.util.concurrent=ALL-UNNAMED
21-Jun-2025 14:59:16.733 INFO [main] org.apache.catalina.startup.VersionLoggerListener.log Command line argument: --add-opens=java.rmi/sun.rmi.transport=ALL-UNNAMED
21-Jun-2025 14:59:16.733 INFO [main] org.apache.catalina.startup.VersionLoggerListener.log Command line argument: -Djava.util.logging.config.file=C:\Users\CollierB\Programs\apache-tomcat-9.0.106\conf\logging.properties
21-Jun-2025 14:59:16.734 INFO [main] org.apache.catalina.startup.VersionLoggerListener.log Command line argument: -Djava.util.logging.manager=org.apache.juli.ClassLoaderLogManager
21-Jun-2025 14:59:16.734 INFO [main] org.apache.catalina.startup.VersionLoggerListener.log Command line argument: -Djdk.tls.ephemeralDHKeySize=2048
21-Jun-2025 14:59:16.734 INFO [main] org.apache.catalina.startup.VersionLoggerListener.log Command line argument: -Djava.protocol.handler.pkgs=org.apache.catalina.webresources
21-Jun-2025 14:59:16.734 INFO [main] org.apache.catalina.startup.VersionLoggerListener.log Command line argument: -Dsun.io.useCanonCaches=false
21-Jun-2025 14:59:16.735 INFO [main] org.apache.catalina.startup.VersionLoggerListener.log Command line argument: -Dignore.endorsed.dirs=
21-Jun-2025 14:59:16.735 INFO [main] org.apache.catalina.startup.VersionLoggerListener.log Command line argument: -Dcatalina.base=C:\Users\CollierB\Programs\apache-tomcat-9.0.106
21-Jun-2025 14:59:16.735 INFO [main] org.apache.catalina.startup.VersionLoggerListener.log Command line argument: -Dcatalina.home=C:\Users\CollierB\Programs\apache-tomcat-9.0.106
21-Jun-2025 14:59:16.736 INFO [main] org.apache.catalina.startup.VersionLoggerListener.log Command line argument: -Djava.io.tmpdir=C:\Users\CollierB\Programs\apache-tomcat-9.0.106\temp
21-Jun-2025 14:59:16.743 INFO [main] org.apache.catalina.core.AprLifecycleListener.lifecycleEvent The Apache Tomcat Native library which allows using OpenSSL was not found on the java.library.path: [C:\Users\CollierB\.path\jdk-17.0.2\bin;C:\WINDOWS\Sun\Java\bin;C:\WINDOWS\system32;C:\WINDOWS;C:\Users\CollierB\.path\python-full-3.13.4-windows-x86_64\bin;C:\Users\CollierB\.path\python-full-3.13.4-windows-x86_64\Scripts;C:\Users\CollierB\.path\sembin;C:\Users\CollierB\.path\apache-jena-fuseki-5.4.0;C:\Users\CollierB\.path\apache-jena-5.4.0\bat;C:\Users\CollierB\.path\apache-maven-3.9.10\bin;C:\Users\CollierB\.path\jdk-17.0.2\bin;C:\Users\CollierB\.path\graphviz\12.2.1\bin;C:\Program Files (x86)\EMC IRM\Common\;D:\app\RobertsE\product\11.2.0\client_3\bin;D:\app\RobertsE\product\11.2.0\client_2;C:\WINDOWS\system32;C:\WINDOWS;C:\WINDOWS\System32\Wbem;C:\WINDOWS\System32\WindowsPowerShell\v1.0\;C:\WINDOWS\System32\OpenSSH\;C:\Program Files\Microsoft SQL Server\150\Tools\Binn\;C:\Program Files\Microsoft SQL Server\Client SDK\ODBC\170\Tools\Binn\;C:\Program Files\dotnet\;C:\Program Files\PolicyPak\;C:\Program Files\Git\cmd;C:\Users\CollierB\AppData\Local\Microsoft\WindowsApps;C:\Users\CollierB\.dotnet\tools;C:\Users\CollierB\AppData\Local\Programs\Microsoft VS Code\bin;C:\Users\CollierB\.path\jdk-15\bin;C:\Users\CollierB\.path\graphviz\12.2.1\bin;;.]
21-Jun-2025 14:59:16.965 INFO [main] org.apache.coyote.AbstractProtocol.init Initializing ProtocolHandler ["http-nio-8080"]
21-Jun-2025 14:59:16.983 INFO [main] org.apache.catalina.startup.Catalina.load Server initialization in [431] milliseconds
21-Jun-2025 14:59:17.019 INFO [main] org.apache.catalina.core.StandardService.startInternal Starting service [Catalina]
21-Jun-2025 14:59:17.020 INFO [main] org.apache.catalina.core.StandardEngine.startInternal Starting Servlet engine: [Apache Tomcat/9.0.106]
21-Jun-2025 14:59:17.027 INFO [main] org.apache.catalina.startup.HostConfig.deployDirectory Deploying web application directory [C:\Users\CollierB\Programs\apache-tomcat-9.0.106\webapps\docs]
21-Jun-2025 14:59:17.295 INFO [main] org.apache.catalina.startup.HostConfig.deployDirectory Deployment of web application directory [C:\Users\CollierB\Programs\apache-tomcat-9.0.106\webapps\docs] has finished in [267] ms
21-Jun-2025 14:59:17.295 INFO [main] org.apache.catalina.startup.HostConfig.deployDirectory Deploying web application directory [C:\Users\CollierB\Programs\apache-tomcat-9.0.106\webapps\examples]
21-Jun-2025 14:59:17.660 INFO [main] org.apache.catalina.startup.HostConfig.deployDirectory Deployment of web application directory [C:\Users\CollierB\Programs\apache-tomcat-9.0.106\webapps\examples] has finished in [365] ms
21-Jun-2025 14:59:17.660 INFO [main] org.apache.catalina.startup.HostConfig.deployDirectory Deploying web application directory [C:\Users\CollierB\Programs\apache-tomcat-9.0.106\webapps\host-manager]
21-Jun-2025 14:59:17.694 INFO [main] org.apache.catalina.startup.HostConfig.deployDirectory Deployment of web application directory [C:\Users\CollierB\Programs\apache-tomcat-9.0.106\webapps\host-manager] has finished in [34] ms
21-Jun-2025 14:59:17.695 INFO [main] org.apache.catalina.startup.HostConfig.deployDirectory Deploying web application directory [C:\Users\CollierB\Programs\apache-tomcat-9.0.106\webapps\manager]
21-Jun-2025 14:59:17.727 INFO [main] org.apache.catalina.startup.HostConfig.deployDirectory Deployment of web application directory [C:\Users\CollierB\Programs\apache-tomcat-9.0.106\webapps\manager] has finished in [32] ms
21-Jun-2025 14:59:17.727 INFO [main] org.apache.catalina.startup.HostConfig.deployDirectory Deploying web application directory [C:\Users\CollierB\Programs\apache-tomcat-9.0.106\webapps\ROOT]
21-Jun-2025 14:59:17.751 INFO [main] org.apache.catalina.startup.HostConfig.deployDirectory Deployment of web application directory [C:\Users\CollierB\Programs\apache-tomcat-9.0.106\webapps\ROOT] has finished in [24] ms
21-Jun-2025 14:59:17.755 INFO [main] org.apache.coyote.AbstractProtocol.start Starting ProtocolHandler ["http-nio-8080"]
21-Jun-2025 14:59:17.812 INFO [main] org.apache.catalina.startup.Catalina.start Server startup in [829] milliseconds
21-Jun-2025 15:00:17.872 INFO [Catalina-utility-1] org.apache.catalina.startup.HostConfig.deployWAR Deploying web application archive [C:\Users\CollierB\Programs\apache-tomcat-9.0.106\webapps\redefer-xsd2owl-0.1.war]
21-Jun-2025 15:00:18.813 INFO [Catalina-utility-1] org.apache.jasper.servlet.TldScanner.scanJars At least one JAR was scanned for TLDs yet contained no TLDs. Enable debug logging for this logger for a complete list of JARs that were scanned but no TLDs were found in them. Skipping unneeded JARs during scanning can improve startup time and JSP compilation time.
21-Jun-2025 15:00:18.819 INFO [Catalina-utility-1] org.apache.catalina.startup.HostConfig.deployWAR Deployment of web application archive [C:\Users\CollierB\Programs\apache-tomcat-9.0.106\webapps\redefer-xsd2owl-0.1.war] has finished in [946] ms
21-Jun-2025 15:00:48.847 INFO [Catalina-utility-1] org.apache.catalina.startup.HostConfig.undeploy Undeploying context [/redefer-xsd2owl-0.1]
21-Jun-2025 15:00:48.877 INFO [Catalina-utility-1] org.apache.catalina.startup.HostConfig.deployWAR Deploying web application archive [C:\Users\CollierB\Programs\apache-tomcat-9.0.106\webapps\xsd2owl.war]
21-Jun-2025 15:00:49.795 INFO [Catalina-utility-1] org.apache.jasper.servlet.TldScanner.scanJars At least one JAR was scanned for TLDs yet contained no TLDs. Enable debug logging for this logger for a complete list of JARs that were scanned but no TLDs were found in them. Skipping unneeded JARs during scanning can improve startup time and JSP compilation time.
21-Jun-2025 15:00:49.800 INFO [Catalina-utility-1] org.apache.catalina.startup.HostConfig.deployWAR Deployment of web application archive [C:\Users\CollierB\Programs\apache-tomcat-9.0.106\webapps\xsd2owl.war] has finished in [923] ms
